#
# There is insufficient memory for the Java Runtime Environment to continue.
# Native memory allocation (mmap) failed to map 65011712 bytes for G1 virtual space
# Possible reasons:
#   The system is out of physical RAM or swap space
#   The process is running with CompressedOops enabled, and the Java Heap may be blocking the growth of the native heap
# Possible solutions:
#   Reduce memory load on the system
#   Increase physical memory or swap space
#   Check if swap backing store is full
#   Decrease Java heap size (-Xmx/-Xms)
#   Decrease number of Java threads
#   Decrease Java thread stack sizes (-Xss)
#   Set larger code cache with -XX:ReservedCodeCacheSize=
#   JVM is running with Unscaled Compressed Oops mode in which the Java heap is
#     placed in the first 4GB address space. The Java Heap base address is the
#     maximum limit for the native heap growth. Please use -XX:HeapBaseMinAddress
#     to set the Java Heap base and to place the Java Heap above 4GB virtual address.
# This output file may be truncated or incomplete.
#
#  Out of Memory Error (os_windows.cpp:3825), pid=3452, tid=11396
#
# JRE version:  (17.0.9+7) (build )
# Java VM: OpenJDK 64-Bit Server VM (17.0.9+7-b1087.9, mixed mode, sharing, tiered, compressed oops, compressed class ptrs, g1 gc, windows-amd64)
# No core dump will be written. Minidumps are not enabled by default on client versions of Windows
#

---------------  S U M M A R Y ------------

Command Line: git4idea.http.GitAskPassApp Username for 'https://github.com': 

Host: Intel(R) Core(TM) i5-7200U CPU @ 2.50GHz, 4 cores, 3G,  Windows 10 , 64 bit Build 19041 (10.0.19041.3636)
Time: Sat Mar  9 02:27:53 2024 SE Asia Standard Time elapsed time: 0.027713 seconds (0d 0h 0m 0s)

---------------  T H R E A D  ---------------

Current thread (0x000001f5d4400b10):  JavaThread "Unknown thread" [_thread_in_vm, id=11396, stack(0x000000a625b00000,0x000000a625c00000)]

Stack: [0x000000a625b00000,0x000000a625c00000]
Native frames: (J=compiled Java code, j=interpreted, Vv=VM code, C=native code)
V  [jvm.dll+0x688349]
V  [jvm.dll+0x841bfa]
V  [jvm.dll+0x84383e]
V  [jvm.dll+0x843ea3]
V  [jvm.dll+0x24bdef]
V  [jvm.dll+0x6850f9]
V  [jvm.dll+0x67988a]
V  [jvm.dll+0x30cbfb]
V  [jvm.dll+0x3140a6]
V  [jvm.dll+0x363ede]
V  [jvm.dll+0x36410f]
V  [jvm.dll+0x2e29c8]
V  [jvm.dll+0x2e3934]
V  [jvm.dll+0x812771]
V  [jvm.dll+0x371d41]
V  [jvm.dll+0x7f12bc]
V  [jvm.dll+0x3f59cf]
V  [jvm.dll+0x3f7601]
C  [jli.dll+0x528f]
C  [ucrtbase.dll+0x21bb2]
C  [KERNEL32.DLL+0x17344]
C  [ntdll.dll+0x526b1]


---------------  P R O C E S S  ---------------

Threads class SMR info:
_java_thread_list=0x00007ffa7637df18, length=0, elements={
}

Java Threads: ( => current thread )

Other Threads:
  0x000001f5d443a800 GCTaskThread "GC Thread#0" [stack: 0x000000a625c00000,0x000000a625d00000] [id=10836]
  0x000001f5d4443350 ConcurrentGCThread "G1 Main Marker" [stack: 0x000000a625d00000,0x000000a625e00000] [id=10636]
  0x000001f5d4443d70 ConcurrentGCThread "G1 Conc#0" [stack: 0x000000a625e00000,0x000000a625f00000] [id=6948]

[error occurred during error reporting (printing all threads), id 0xc0000005, EXCEPTION_ACCESS_VIOLATION (0xc0000005) at pc=0x00007ffa75b33597]

VM state: not at safepoint (not fully initialized)

VM Mutex/Monitor currently owned by a thread:  ([mutex/lock_event])
[0x000001f5d43fd180] Heap_lock - owner thread: 0x000001f5d4400b10

Heap address: 0x00000000c2000000, size: 992 MB, Compressed Oops mode: 32-bit

CDS archive(s) mapped at: [0x0000000000000000-0x0000000000000000-0x0000000000000000), size 0, SharedBaseAddress: 0x0000000800000000, ArchiveRelocationMode: 1.
Narrow klass base: 0x0000000000000000, Narrow klass shift: 0, Narrow klass range: 0x0

GC Precious Log:
<Empty>

Heap:
 garbage-first heap   total 0K, used 0K [0x00000000c2000000, 0x0000000100000000)
  region size 1024K, 0 young (0K), 0 survivors (0K)
 Metaspace       used 0K, committed 0K, reserved 0K
  class space    used 0K, committed 0K, reserved 0K

Heap Regions: E=young(eden), S=young(survivor), O=old, HS=humongous(starts), HC=humongous(continues), CS=collection set, F=free, OA=open archive, CA=closed archive, TAMS=top-at-mark-start (previous, next)

Card table byte_map: [0x000001f5e6d70000,0x000001f5e6f60000] _byte_map_base: 0x000001f5e6760000

Marking Bits (Prev, Next): (CMBitMap*) 0x000001f5d443ae20, (CMBitMap*) 0x000001f5d443ae60
 Prev Bits: [0x000001f5e7150000, 0x000001f5e80d0000)
 Next Bits: [0x000001f5e80d0000, 0x000001f5e9050000)

GC Heap History (0 events):
No events

Dll operation events (1 events):
Event: 0.014 Loaded shared library C:\Program Files\JetBrains\IntelliJ IDEA Community Edition 2023.3.2\jbr\bin\java.dll

Deoptimization events (0 events):
No events

Classes unloaded (0 events):
No events

Classes redefined (0 events):
No events

Internal exceptions (0 events):
No events

VM Operations (0 events):
No events

Events (0 events):
No events


Dynamic libraries:
0x00007ff7781e0000 - 0x00007ff7781ea000 	C:\Program Files\JetBrains\IntelliJ IDEA Community Edition 2023.3.2\jbr\bin\java.exe
0x00007ffaaf2f0000 - 0x00007ffaaf4e8000 	C:\Windows\SYSTEM32\ntdll.dll
0x00007ffaad330000 - 0x00007ffaad3ed000 	C:\Windows\System32\KERNEL32.DLL
0x00007ffaacb00000 - 0x00007ffaacdf6000 	C:\Windows\System32\KERNELBASE.dll
0x00007ffaace00000 - 0x00007ffaacf00000 	C:\Windows\System32\ucrtbase.dll
0x00007ffa949a0000 - 0x00007ffa949bb000 	C:\Program Files\JetBrains\IntelliJ IDEA Community Edition 2023.3.2\jbr\bin\VCRUNTIME140.dll
0x00007ffa9b6a0000 - 0x00007ffa9b6b7000 	C:\Program Files\JetBrains\IntelliJ IDEA Community Edition 2023.3.2\jbr\bin\jli.dll
0x00007ffaaec50000 - 0x00007ffaaedee000 	C:\Windows\System32\USER32.dll
0x00007ffa93dd0000 - 0x00007ffa9406a000 	C:\Windows\WinSxS\amd64_microsoft.windows.common-controls_6595b64144ccf1df_6.0.19041.3636_none_60b6a03d71f818d5\COMCTL32.dll
0x00007ffaacad0000 - 0x00007ffaacaf2000 	C:\Windows\System32\win32u.dll
0x00007ffaadb30000 - 0x00007ffaadb5b000 	C:\Windows\System32\GDI32.dll
0x00007ffaad860000 - 0x00007ffaad8fe000 	C:\Windows\System32\msvcrt.dll
0x00007ffaac9b0000 - 0x00007ffaacac7000 	C:\Windows\System32\gdi32full.dll
0x00007ffaad210000 - 0x00007ffaad2ad000 	C:\Windows\System32\msvcp_win.dll
0x00007ffaaf1c0000 - 0x00007ffaaf1f2000 	C:\Windows\System32\IMM32.DLL
0x00007ffa9acb0000 - 0x00007ffa9acbc000 	C:\Program Files\JetBrains\IntelliJ IDEA Community Edition 2023.3.2\jbr\bin\vcruntime140_1.dll
0x00007ffa7d330000 - 0x00007ffa7d3bd000 	C:\Program Files\JetBrains\IntelliJ IDEA Community Edition 2023.3.2\jbr\bin\msvcp140.dll
0x00007ffa75840000 - 0x00007ffa764c2000 	C:\Program Files\JetBrains\IntelliJ IDEA Community Edition 2023.3.2\jbr\bin\server\jvm.dll
0x00007ffaaeae0000 - 0x00007ffaaeb93000 	C:\Windows\System32\ADVAPI32.dll
0x00007ffaae1c0000 - 0x00007ffaae25f000 	C:\Windows\System32\sechost.dll
0x00007ffaad980000 - 0x00007ffaadaa6000 	C:\Windows\System32\RPCRT4.dll
0x00007ffaad300000 - 0x00007ffaad327000 	C:\Windows\System32\bcrypt.dll
0x00007ffa98ec0000 - 0x00007ffa98ec9000 	C:\Windows\SYSTEM32\WSOCK32.dll
0x00007ffaa4e50000 - 0x00007ffaa4e5a000 	C:\Windows\SYSTEM32\VERSION.dll
0x00007ffa9c0b0000 - 0x00007ffa9c0d7000 	C:\Windows\SYSTEM32\WINMM.dll
0x00007ffaaded0000 - 0x00007ffaadf3b000 	C:\Windows\System32\WS2_32.dll
0x00007ffaabf00000 - 0x00007ffaabf4b000 	C:\Windows\SYSTEM32\POWRPROF.dll
0x00007ffaabdc0000 - 0x00007ffaabdd2000 	C:\Windows\SYSTEM32\UMPDC.dll
0x00007ffaab1f0000 - 0x00007ffaab202000 	C:\Windows\SYSTEM32\kernel.appcore.dll
0x00007ffaa61b0000 - 0x00007ffaa61ba000 	C:\Program Files\JetBrains\IntelliJ IDEA Community Edition 2023.3.2\jbr\bin\jimage.dll
0x00007ffaaaf00000 - 0x00007ffaab0e4000 	C:\Windows\SYSTEM32\DBGHELP.DLL
0x00007ffa8c260000 - 0x00007ffa8c294000 	C:\Windows\SYSTEM32\dbgcore.DLL
0x00007ffaacf00000 - 0x00007ffaacf82000 	C:\Windows\System32\bcryptPrimitives.dll
0x00007ffa928a0000 - 0x00007ffa928c5000 	C:\Program Files\JetBrains\IntelliJ IDEA Community Edition 2023.3.2\jbr\bin\java.dll

dbghelp: loaded successfully - version: 4.0.5 - missing functions: none
symbol engine: initialized successfully - sym options: 0x614 - pdb path: .;C:\Program Files\JetBrains\IntelliJ IDEA Community Edition 2023.3.2\jbr\bin;C:\Windows\SYSTEM32;C:\Windows\WinSxS\amd64_microsoft.windows.common-controls_6595b64144ccf1df_6.0.19041.3636_none_60b6a03d71f818d5;C:\Program Files\JetBrains\IntelliJ IDEA Community Edition 2023.3.2\jbr\bin\server

VM Arguments:
java_command: git4idea.http.GitAskPassApp Username for 'https://github.com': 
java_class_path (initial): C:/Program Files/JetBrains/IntelliJ IDEA Community Edition 2023.3.2/plugins/vcs-git/lib/git4idea-rt.jar;C:/Program Files/JetBrains/IntelliJ IDEA Community Edition 2023.3.2/lib/externalProcess-rt.jar
Launcher Type: SUN_STANDARD

[Global flags]
     intx CICompilerCount                          = 3                                         {product} {ergonomic}
     uint ConcGCThreads                            = 1                                         {product} {ergonomic}
     uint G1ConcRefinementThreads                  = 4                                         {product} {ergonomic}
   size_t G1HeapRegionSize                         = 1048576                                   {product} {ergonomic}
    uintx GCDrainStackTargetSize                   = 64                                        {product} {ergonomic}
   size_t InitialHeapSize                          = 65011712                                  {product} {ergonomic}
   size_t MarkStackSize                            = 4194304                                   {product} {ergonomic}
   size_t MaxHeapSize                              = 1040187392                                {product} {ergonomic}
   size_t MinHeapDeltaBytes                        = 1048576                                   {product} {ergonomic}
   size_t MinHeapSize                              = 8388608                                   {product} {ergonomic}
    uintx NonNMethodCodeHeapSize                   = 5832780                                {pd product} {ergonomic}
    uintx NonProfiledCodeHeapSize                  = 122912730                              {pd product} {ergonomic}
    uintx ProfiledCodeHeapSize                     = 122912730                              {pd product} {ergonomic}
    uintx ReservedCodeCacheSize                    = 251658240                              {pd product} {ergonomic}
     bool SegmentedCodeCache                       = true                                      {product} {ergonomic}
   size_t SoftMaxHeapSize                          = 1040187392                             {manageable} {ergonomic}
     bool UseCompressedClassPointers               = true                           {product lp64_product} {ergonomic}
     bool UseCompressedOops                        = true                           {product lp64_product} {ergonomic}
     bool UseG1GC                                  = true                                      {product} {ergonomic}
     bool UseLargePagesIndividualAllocation        = false                                  {pd product} {ergonomic}

Logging:
Log output configuration:
 #0: stdout all=warning uptime,level,tags
 #1: stderr all=off uptime,level,tags

Environment Variables:
JAVA_HOME=C:\Program Files\Java\jdk-18.0.2.1
PATH=C:\Program Files\Git\mingw64\libexec\git-core;C:\Program Files\Git\mingw64\libexec\git-core;C:\Program Files\Git\mingw64\bin;C:\Program Files\Git\usr\bin;C:\Users\HT-Com\bin;%Spring_Boot_CLI%\bin;C:\composer;C:\Users\HT-Com\AppData\Local\Microsoft\WindowsApps;C:\Users\HT-Com\AppData\Local\Programs\Microsoft VS Code\bin;C:\Users\HT-Com\AppData\Roaming\npm;C:\Program Files\nodejs;C:\Program Files\JetBrains\DataGrip 2023.1.2\bin;C:\Program Files\JetBrains\IntelliJ IDEA Community Edition 2023.3.2\bin;C:\Program Files\Java\jdk-18.0.2.1\bin;C:\Users\HT-Com\AppData\Roaming\Composer\vendor\bin;D:\IntelliJ IDEA 2023.2.2\bin;D:\PyCharm Community Edition 2023.3.1\bin
USERNAME=HT-Com
DISPLAY=:0.0
LC_ALL=en_US.UTF-8
TERM=xterm-256color
TMPDIR=C:\Users\HT-Com\AppData\Local\Temp
OS=Windows_NT
PROCESSOR_IDENTIFIER=Intel64 Family 6 Model 142 Stepping 9, GenuineIntel
TMP=C:\Users\HT-Com\AppData\Local\Temp
TEMP=C:\Users\HT-Com\AppData\Local\Temp



Periodic native trim disabled

JNI global refs:
JNI global refs: 0, weak refs: 0

JNI global refs memory usage: 0, weak refs: 0

OOME stack traces (most recent first):
Classloader memory used:


---------------  S Y S T E M  ---------------

OS:
 Windows 10 , 64 bit Build 19041 (10.0.19041.3636)
OS uptime: 4 days 18:30 hours

CPU: total 4 (initial active 4) (2 cores per cpu, 2 threads per core) family 6 model 142 stepping 9 microcode 0xb4, cx8, cmov, fxsr, ht, mmx, 3dnowpref, sse, sse2, sse3, ssse3, sse4.1, sse4.2, popcnt, lzcnt, tsc, tscinvbit, avx, avx2, aes, erms, clmul, bmi1, bmi2, adx, fma, vzeroupper, clflush, clflushopt
Processor Information for all 4 processors :
  Max Mhz: 2701, Current Mhz: 2500, Mhz Limit: 2484

Memory: 4k page, system-wide physical 3962M (235M free)
TotalPageFile size 9397M (AvailPageFile size 7M)
current process WorkingSet (physical memory assigned to process): 10M, peak: 10M
current process commit charge ("private bytes"): 51M, peak: 113M

vm_info: OpenJDK 64-Bit Server VM (17.0.9+7-b1087.9) for windows-amd64 JRE (17.0.9+7-b1087.9), built on 2023-12-05 by "builduser" with MS VC++ 16.10 / 16.11 (VS2019)

END.
